<?xml version="1.0" encoding="UTF-8" ?>
<testsuite failures="0" time="0.109" errors="0" skipped="0" tests="1" name="org.energyos.espi.common.AppTest">
  <properties>
    <property name="java.runtime.name" value="OpenJDK Runtime Environment"/>
    <property name="sun.boot.library.path" value="/usr/lib/jvm/java-6-openjdk/jre/lib/i386"/>
    <property name="java.vm.version" value="20.0-b11"/>
    <property name="java.vm.vendor" value="Sun Microsystems Inc."/>
    <property name="java.vendor.url" value="http://java.sun.com/"/>
    <property name="path.separator" value=":"/>
    <property name="java.vm.name" value="OpenJDK Client VM"/>
    <property name="file.encoding.pkg" value="sun.io"/>
    <property name="user.country" value="US"/>
    <property name="sun.java.launcher" value="SUN_STANDARD"/>
    <property name="sun.os.patch.level" value="unknown"/>
    <property name="java.vm.specification.name" value="Java Virtual Machine Specification"/>
    <property name="user.dir" value="/home/user1/workspace/espi_java/common"/>
    <property name="java.runtime.version" value="1.6.0_23-b23"/>
    <property name="java.awt.graphicsenv" value="sun.awt.X11GraphicsEnvironment"/>
    <property name="basedir" value="/home/user1/workspace/espi_java/common"/>
    <property name="java.endorsed.dirs" value="/usr/lib/jvm/java-6-openjdk/jre/lib/endorsed"/>
    <property name="os.arch" value="i386"/>
    <property name="surefire.real.class.path" value="/home/user1/workspace/espi_java/common/target/surefire/surefirebooter4803981684558298846.jar"/>
    <property name="java.io.tmpdir" value="/tmp"/>
    <property name="line.separator" value="
"/>
    <property name="java.vm.specification.vendor" value="Sun Microsystems Inc."/>
    <property name="os.name" value="Linux"/>
    <property name="sun.jnu.encoding" value="UTF-8"/>
    <property name="java.library.path" value="/usr/lib/jvm/java-6-openjdk/jre/lib/i386/client:/usr/lib/jvm/java-6-openjdk/jre/lib/i386:/usr/lib/jvm/java-6-openjdk/jre/../lib/i386:/usr/lib/jvm/java-6-openjdk/jre/lib/i386/client:/usr/lib/jvm/java-6-openjdk/jre/lib/i386::/usr/java/packages/lib/i386:/usr/lib/jni:/lib:/usr/lib"/>
    <property name="surefire.test.class.path" value="/home/user1/workspace/espi_java/common/target/test-classes:/home/user1/workspace/espi_java/common/target/classes:/home/user1/.m2/repository/junit/junit/4.8.2/junit-4.8.2.jar:/home/user1/.m2/repository/log4j/log4j/1.2.16/log4j-1.2.16.jar:/home/user1/.m2/repository/org/slf4j/slf4j-api/1.6.1/slf4j-api-1.6.1.jar:/home/user1/.m2/repository/org/slf4j/jcl-over-slf4j/1.6.1/jcl-over-slf4j-1.6.1.jar:/home/user1/.m2/repository/org/slf4j/slf4j-log4j12/1.6.1/slf4j-log4j12-1.6.1.jar:/home/user1/.m2/repository/javax/transaction/jta/1.1/jta-1.1.jar:/home/user1/.m2/repository/joda-time/joda-time/1.6/joda-time-1.6.jar:/home/user1/.m2/repository/javax/servlet/jsp/jsp-api/2.1/jsp-api-2.1.jar:/home/user1/.m2/repository/commons-codec/commons-codec/1.4/commons-codec-1.4.jar:/home/user1/.m2/repository/org/apache/wink/wink-common/1.1.3-incubating/wink-common-1.1.3-incubating.jar:/home/user1/.m2/repository/javax/xml/bind/jaxb-api/2.2/jaxb-api-2.2.jar:/home/user1/.m2/repository/javax/xml/stream/stax-api/1.0-2/stax-api-1.0-2.jar:/home/user1/.m2/repository/com/sun/xml/bind/jaxb-impl/2.2.1.1/jaxb-impl-2.2.1.1.jar:/home/user1/.m2/repository/javax/activation/activation/1.1/activation-1.1.jar:/home/user1/.m2/repository/javax/ws/rs/jsr311-api/1.1.1/jsr311-api-1.1.1.jar:/home/user1/.m2/repository/org/apache/geronimo/specs/geronimo-annotation_1.1_spec/1.0/geronimo-annotation_1.1_spec-1.0.jar:/home/user1/.m2/repository/org/apache/wink/wink-client/1.1.3-incubating/wink-client-1.1.3-incubating.jar:/home/user1/.m2/repository/org/apache/wink/wink-server/1.1.3-incubating/wink-server-1.1.3-incubating.jar:/home/user1/.m2/repository/commons-lang/commons-lang/2.3/commons-lang-2.3.jar:"/>
    <property name="java.specification.name" value="Java Platform API Specification"/>
    <property name="java.class.version" value="50.0"/>
    <property name="sun.management.compiler" value="HotSpot Client Compiler"/>
    <property name="os.version" value="3.0.0-13-generic"/>
    <property name="user.home" value="/home/user1"/>
    <property name="user.timezone" value=""/>
    <property name="java.awt.printerjob" value="sun.print.PSPrinterJob"/>
    <property name="file.encoding" value="UTF-8"/>
    <property name="java.specification.version" value="1.6"/>
    <property name="user.name" value="user1"/>
    <property name="java.class.path" value="/home/user1/workspace/espi_java/common/target/test-classes:/home/user1/workspace/espi_java/common/target/classes:/home/user1/.m2/repository/junit/junit/4.8.2/junit-4.8.2.jar:/home/user1/.m2/repository/log4j/log4j/1.2.16/log4j-1.2.16.jar:/home/user1/.m2/repository/org/slf4j/slf4j-api/1.6.1/slf4j-api-1.6.1.jar:/home/user1/.m2/repository/org/slf4j/jcl-over-slf4j/1.6.1/jcl-over-slf4j-1.6.1.jar:/home/user1/.m2/repository/org/slf4j/slf4j-log4j12/1.6.1/slf4j-log4j12-1.6.1.jar:/home/user1/.m2/repository/javax/transaction/jta/1.1/jta-1.1.jar:/home/user1/.m2/repository/joda-time/joda-time/1.6/joda-time-1.6.jar:/home/user1/.m2/repository/javax/servlet/jsp/jsp-api/2.1/jsp-api-2.1.jar:/home/user1/.m2/repository/commons-codec/commons-codec/1.4/commons-codec-1.4.jar:/home/user1/.m2/repository/org/apache/wink/wink-common/1.1.3-incubating/wink-common-1.1.3-incubating.jar:/home/user1/.m2/repository/javax/xml/bind/jaxb-api/2.2/jaxb-api-2.2.jar:/home/user1/.m2/repository/javax/xml/stream/stax-api/1.0-2/stax-api-1.0-2.jar:/home/user1/.m2/repository/com/sun/xml/bind/jaxb-impl/2.2.1.1/jaxb-impl-2.2.1.1.jar:/home/user1/.m2/repository/javax/activation/activation/1.1/activation-1.1.jar:/home/user1/.m2/repository/javax/ws/rs/jsr311-api/1.1.1/jsr311-api-1.1.1.jar:/home/user1/.m2/repository/org/apache/geronimo/specs/geronimo-annotation_1.1_spec/1.0/geronimo-annotation_1.1_spec-1.0.jar:/home/user1/.m2/repository/org/apache/wink/wink-client/1.1.3-incubating/wink-client-1.1.3-incubating.jar:/home/user1/.m2/repository/org/apache/wink/wink-server/1.1.3-incubating/wink-server-1.1.3-incubating.jar:/home/user1/.m2/repository/commons-lang/commons-lang/2.3/commons-lang-2.3.jar:"/>
    <property name="java.vm.specification.version" value="1.0"/>
    <property name="sun.arch.data.model" value="32"/>
    <property name="java.home" value="/usr/lib/jvm/java-6-openjdk/jre"/>
    <property name="sun.java.command" value="/home/user1/workspace/espi_java/common/target/surefire/surefirebooter4803981684558298846.jar /home/user1/workspace/espi_java/common/target/surefire/surefire7502301423785895153tmp /home/user1/workspace/espi_java/common/target/surefire/surefire6987606130724116837tmp"/>
    <property name="java.specification.vendor" value="Sun Microsystems Inc."/>
    <property name="user.language" value="en"/>
    <property name="java.vm.info" value="mixed mode, sharing"/>
    <property name="java.version" value="1.6.0_23"/>
    <property name="java.ext.dirs" value="/usr/lib/jvm/java-6-openjdk/jre/lib/ext:/usr/java/packages/lib/ext"/>
    <property name="sun.boot.class.path" value="/usr/lib/jvm/java-6-openjdk/jre/lib/resources.jar:/usr/lib/jvm/java-6-openjdk/jre/lib/rt.jar:/usr/lib/jvm/java-6-openjdk/jre/lib/sunrsasign.jar:/usr/lib/jvm/java-6-openjdk/jre/lib/jsse.jar:/usr/lib/jvm/java-6-openjdk/jre/lib/jce.jar:/usr/lib/jvm/java-6-openjdk/jre/lib/charsets.jar:/usr/lib/jvm/java-6-openjdk/jre/lib/netx.jar:/usr/lib/jvm/java-6-openjdk/jre/lib/plugin.jar:/usr/lib/jvm/java-6-openjdk/jre/lib/rhino.jar:/usr/lib/jvm/java-6-openjdk/jre/lib/modules/jdk.boot.jar:/usr/lib/jvm/java-6-openjdk/jre/classes"/>
    <property name="java.vendor" value="Sun Microsystems Inc."/>
    <property name="localRepository" value="/home/user1/.m2/repository"/>
    <property name="file.separator" value="/"/>
    <property name="java.vendor.url.bug" value="http://java.sun.com/cgi-bin/bugreport.cgi"/>
    <property name="sun.cpu.endian" value="little"/>
    <property name="sun.io.unicode.encoding" value="UnicodeLittle"/>
    <property name="sun.desktop" value="gnome"/>
    <property name="sun.cpu.isalist" value=""/>
  </properties>
  <testcase time="0.001" classname="org.energyos.espi.common.AppTest" name="testApp"/>
</testsuite>